<?xml version="1.0" encoding="UTF-8"?>
<testsuite xmlns:xsi="http://www.w3.org/2001/XMLSchema-instance" xsi:noNamespaceSchemaLocation="https://maven.apache.org/surefire/maven-surefire-plugin/xsd/surefire-test-report-3.0.xsd" version="3.0" name="com.rto.rtovehicleregistration.AutomatedUnitTestings" time="1.049" tests="1" errors="0" skipped="0" failures="0">
  <properties>
[...]
</properties>
  <testcase name="financeTest" classname="com.rto.rtovehicleregistration.AutomatedUnitTestings" time="0.997">
    <system-out><![CDATA[Low funds available, Consider pooling more funds before proceeding with new projects
Test case passed for Finance->decision making method
]]></system-out>
  </testcase>
</testsuite>